This file contains any messages produced by compilers while
running configure, to aid debugging if configure makes a mistake.

It was created by configure, which was
generated by GNU Autoconf 2.57.  Invocation command line was

  $ ./configure 

## --------- ##
## Platform. ##
## --------- ##

hostname = mirzam
uname -m = i686
uname -r = 2.4.21-4.EL
uname -s = Linux
uname -v = #1 Fri Oct 3 18:13:58 EDT 2003

/usr/bin/uname -p = unknown
/bin/uname -X     = unknown

/bin/arch              = i686
/usr/bin/arch -k       = unknown
/usr/convex/getsysinfo = unknown
hostinfo               = unknown
/bin/machine           = unknown
/usr/bin/oslevel       = unknown
/bin/universe          = unknown

PATH: /usr/kerberos/bin
PATH: /usr/local/bin
PATH: /bin
PATH: /usr/bin
PATH: /home/wkim/AASTeX/aastex52
PATH: /usr/X11R6/bin
PATH: /home/wkim/AASTeX/aastex52


## ----------- ##
## Core tests. ##
## ----------- ##

configure:1313: checking build system type
configure:1331: result: i686-pc-linux-gnu
configure:1339: checking host system type
configure:1353: result: i686-pc-linux-gnu
configure:1417: checking for gcc
configure:1433: found /usr/bin/gcc
configure:1443: result: gcc
configure:1687: checking for C compiler version
configure:1690: gcc --version </dev/null >&5
gcc (GCC) 3.2.3 20030502 (Red Hat Linux 3.2.3-20)
Copyright (C) 2002 Free Software Foundation, Inc.
This is free software; see the source for copying conditions.  There is NO
warranty; not even for MERCHANTABILITY or FITNESS FOR A PARTICULAR PURPOSE.

configure:1693: $? = 0
configure:1695: gcc -v </dev/null >&5
Reading specs from /usr/lib/gcc-lib/i386-redhat-linux/3.2.3/specs
Configured with: ../configure --prefix=/usr --mandir=/usr/share/man --infodir=/usr/share/info --enable-shared --enable-threads=posix --disable-checking --with-system-zlib --enable-__cxa_atexit --host=i386-redhat-linux
Thread model: posix
gcc version 3.2.3 20030502 (Red Hat Linux 3.2.3-20)
configure:1698: $? = 0
configure:1700: gcc -V </dev/null >&5
gcc: argument to `-V' is missing
configure:1703: $? = 1
configure:1727: checking for C compiler default output
configure:1730: gcc    conftest.c  >&5
configure:1733: $? = 0
configure:1779: result: a.out
configure:1784: checking whether the C compiler works
configure:1790: ./a.out
configure:1793: $? = 0
configure:1810: result: yes
configure:1817: checking whether we are cross compiling
configure:1819: result: no
configure:1822: checking for suffix of executables
configure:1824: gcc -o conftest    conftest.c  >&5
configure:1827: $? = 0
configure:1852: result: 
configure:1858: checking for suffix of object files
configure:1880: gcc -c   conftest.c >&5
configure:1883: $? = 0
configure:1905: result: o
configure:1909: checking whether we are using the GNU C compiler
configure:1934: gcc -c   conftest.c >&5
configure:1937: $? = 0
configure:1940: test -s conftest.o
configure:1943: $? = 0
configure:1956: result: yes
configure:1962: checking whether gcc accepts -g
configure:1984: gcc -c -g  conftest.c >&5
configure:1987: $? = 0
configure:1990: test -s conftest.o
configure:1993: $? = 0
configure:2004: result: yes
configure:2021: checking for gcc option to accept ANSI C
configure:2082: gcc  -c -g -O2  conftest.c >&5
configure:2085: $? = 0
configure:2088: test -s conftest.o
configure:2091: $? = 0
configure:2109: result: none needed
configure:2127: gcc -c -g -O2  conftest.c >&5
conftest.c:2: syntax error before "me"
configure:2130: $? = 1
configure: failed program was:
| #ifndef __cplusplus
|   choke me
| #endif
configure:2244: checking how to run the C preprocessor
configure:2280: gcc -E  conftest.c
configure:2286: $? = 0
configure:2318: gcc -E  conftest.c
configure:2317:28: ac_nonexistent.h: No such file or directory
configure:2324: $? = 1
configure: failed program was:
| #line 2309 "configure"
| /* confdefs.h.  */
| 
| #define PACKAGE_NAME ""
| #define PACKAGE_TARNAME ""
| #define PACKAGE_VERSION ""
| #define PACKAGE_STRING ""
| #define PACKAGE_BUGREPORT ""
| /* end confdefs.h.  */
| #include <ac_nonexistent.h>
configure:2362: result: gcc -E
configure:2387: gcc -E  conftest.c
configure:2393: $? = 0
configure:2425: gcc -E  conftest.c
configure:2424:28: ac_nonexistent.h: No such file or directory
configure:2431: $? = 1
configure: failed program was:
| #line 2416 "configure"
| /* confdefs.h.  */
| 
| #define PACKAGE_NAME ""
| #define PACKAGE_TARNAME ""
| #define PACKAGE_VERSION ""
| #define PACKAGE_STRING ""
| #define PACKAGE_BUGREPORT ""
| /* end confdefs.h.  */
| #include <ac_nonexistent.h>
configure:2524: checking for g77
configure:2540: found /usr/bin/g77
configure:2550: result: g77
configure:2565: checking for Fortran 77 compiler version
configure:2568: g77 --version </dev/null >&5
GNU Fortran (GCC 3.2.3 20030502 (Red Hat Linux 3.2.3-20)) 3.2.3 20030502 (Red Hat Linux 3.2.3-20)
Copyright (C) 2002 Free Software Foundation, Inc.

GNU Fortran comes with NO WARRANTY, to the extent permitted by law.
You may redistribute copies of GNU Fortran
under the terms of the GNU General Public License.
For more information about these matters, see the file named COPYING
or type the command `info -f g77 Copying'.
configure:2571: $? = 0
configure:2573: g77 -v </dev/null >&5
Reading specs from /usr/lib/gcc-lib/i386-redhat-linux/3.2.3/specs
Configured with: ../configure --prefix=/usr --mandir=/usr/share/man --infodir=/usr/share/info --enable-shared --enable-threads=posix --disable-checking --with-system-zlib --enable-__cxa_atexit --host=i386-redhat-linux
Thread model: posix
gcc version 3.2.3 20030502 (Red Hat Linux 3.2.3-20)
configure:2576: $? = 0
configure:2578: g77 -V </dev/null >&5
g77: argument to `-V' missing
configure:2581: $? = 1
configure:2588: checking whether we are using the GNU Fortran 77 compiler
configure:2602: g77 -c  conftest.F >&5
configure:2605: $? = 0
configure:2608: test -s conftest.o
configure:2611: $? = 0
configure:2624: result: yes
configure:2631: checking whether g77 accepts -g
configure:2643: g77 -c -g conftest.f >&5
configure:2646: $? = 0
configure:2649: test -s conftest.o
configure:2652: $? = 0
configure:2664: result: yes
configure:2687: checking whether make sets $(MAKE)
configure:2707: result: yes
configure:2717: checking whether we have a FORTRAN 77 compiler
configure:2723: checking for f77
configure:2749: result: g77
configure:2851: checking for Fortran 77 compiler version
configure:2854: g77 --version </dev/null >&5
GNU Fortran (GCC 3.2.3 20030502 (Red Hat Linux 3.2.3-20)) 3.2.3 20030502 (Red Hat Linux 3.2.3-20)
Copyright (C) 2002 Free Software Foundation, Inc.

GNU Fortran comes with NO WARRANTY, to the extent permitted by law.
You may redistribute copies of GNU Fortran
under the terms of the GNU General Public License.
For more information about these matters, see the file named COPYING
or type the command `info -f g77 Copying'.
configure:2857: $? = 0
configure:2859: g77 -v </dev/null >&5
Reading specs from /usr/lib/gcc-lib/i386-redhat-linux/3.2.3/specs
Configured with: ../configure --prefix=/usr --mandir=/usr/share/man --infodir=/usr/share/info --enable-shared --enable-threads=posix --disable-checking --with-system-zlib --enable-__cxa_atexit --host=i386-redhat-linux
Thread model: posix
gcc version 3.2.3 20030502 (Red Hat Linux 3.2.3-20)
configure:2862: $? = 0
configure:2864: g77 -V </dev/null >&5
g77: argument to `-V' missing
configure:2867: $? = 1
configure:2874: checking whether we are using the GNU Fortran 77 compiler
configure:2910: result: yes
configure:2917: checking whether g77 accepts -g
configure:2950: result: yes
configure:2980: checking how to get verbose linking output from g77
configure:2992: g77 -c -g -O2 conftest.f >&5
configure:2995: $? = 0
configure:2998: test -s conftest.o
configure:3001: $? = 0
configure:3023: g77 -o conftest -g -O2 -v  conftest.f  >&5
Reading specs from /usr/lib/gcc-lib/i386-redhat-linux/3.2.3/specs
Configured with: ../configure --prefix=/usr --mandir=/usr/share/man --infodir=/usr/share/info --enable-shared --enable-threads=posix --disable-checking --with-system-zlib --enable-__cxa_atexit --host=i386-redhat-linux
Thread model: posix
gcc version 3.2.3 20030502 (Red Hat Linux 3.2.3-20)
 /usr/lib/gcc-lib/i386-redhat-linux/3.2.3/f771 conftest.f -quiet -dumpbase conftest.f -g -O2 -version -o /tmp/cc46ZXZg.s
GNU F77 version 3.2.3 20030502 (Red Hat Linux 3.2.3-20) (i386-redhat-linux)
	compiled by GNU C version 3.2.3 20030502 (Red Hat Linux 3.2.3-20).
 as -V -Qy -o /tmp/ccYHo1Jq.o /tmp/cc46ZXZg.s
GNU assembler version 2.14.90.0.4 (i386-redhat-linux) using BFD version 2.14.90.0.4 20030523
 /usr/lib/gcc-lib/i386-redhat-linux/3.2.3/collect2 --eh-frame-hdr -m elf_i386 -dynamic-linker /lib/ld-linux.so.2 -o conftest /usr/lib/gcc-lib/i386-redhat-linux/3.2.3/../../../crt1.o /usr/lib/gcc-lib/i386-redhat-linux/3.2.3/../../../crti.o /usr/lib/gcc-lib/i386-redhat-linux/3.2.3/crtbegin.o -L/usr/lib/gcc-lib/i386-redhat-linux/3.2.3 -L/usr/lib/gcc-lib/i386-redhat-linux/3.2.3/../../.. /tmp/ccYHo1Jq.o -lfrtbegin -lg2c -lm -lgcc_s -lgcc -lc -lgcc_s -lgcc /usr/lib/gcc-lib/i386-redhat-linux/3.2.3/crtend.o /usr/lib/gcc-lib/i386-redhat-linux/3.2.3/../../../crtn.o
configure:3075: result: -v
configure:3077: checking for Fortran 77 libraries
configure:3103: g77 -o conftest -g -O2 -v  conftest.f  >&5
Reading specs from /usr/lib/gcc-lib/i386-redhat-linux/3.2.3/specs
Configured with: ../configure --prefix=/usr --mandir=/usr/share/man --infodir=/usr/share/info --enable-shared --enable-threads=posix --disable-checking --with-system-zlib --enable-__cxa_atexit --host=i386-redhat-linux
Thread model: posix
gcc version 3.2.3 20030502 (Red Hat Linux 3.2.3-20)
 /usr/lib/gcc-lib/i386-redhat-linux/3.2.3/f771 conftest.f -quiet -dumpbase conftest.f -g -O2 -version -o /tmp/ccf9CQui.s
GNU F77 version 3.2.3 20030502 (Red Hat Linux 3.2.3-20) (i386-redhat-linux)
	compiled by GNU C version 3.2.3 20030502 (Red Hat Linux 3.2.3-20).
 as -V -Qy -o /tmp/ccQ6CoSv.o /tmp/ccf9CQui.s
GNU assembler version 2.14.90.0.4 (i386-redhat-linux) using BFD version 2.14.90.0.4 20030523
 /usr/lib/gcc-lib/i386-redhat-linux/3.2.3/collect2 --eh-frame-hdr -m elf_i386 -dynamic-linker /lib/ld-linux.so.2 -o conftest /usr/lib/gcc-lib/i386-redhat-linux/3.2.3/../../../crt1.o /usr/lib/gcc-lib/i386-redhat-linux/3.2.3/../../../crti.o /usr/lib/gcc-lib/i386-redhat-linux/3.2.3/crtbegin.o -L/usr/lib/gcc-lib/i386-redhat-linux/3.2.3 -L/usr/lib/gcc-lib/i386-redhat-linux/3.2.3/../../.. /tmp/ccQ6CoSv.o -lfrtbegin -lg2c -lm -lgcc_s -lgcc -lc -lgcc_s -lgcc /usr/lib/gcc-lib/i386-redhat-linux/3.2.3/crtend.o /usr/lib/gcc-lib/i386-redhat-linux/3.2.3/../../../crtn.o
configure:3261: result:  -L/usr/lib/gcc-lib/i386-redhat-linux/3.2.3 -L/usr/lib/gcc-lib/i386-redhat-linux/3.2.3/../../.. -lfrtbegin -lg2c -lm -lgcc_s
configure:3275: checking how f77 mangles function names
configure:3286: g77 -c -g -O2 mangle-func.f 1>&5
configure:3289: $? = 0
configure:3329: gcc -o conftest -g -O2   conftest.c mangle-func.o  -L/usr/lib/gcc-lib/i386-redhat-linux/3.2.3 -L/usr/lib/gcc-lib/i386-redhat-linux/3.2.3/../../.. -lfrtbegin -lg2c -lm -lgcc_s  >&5
/tmp/ccGQS9GS.o(.text+0xa): In function `main':
/home/wkim/CMHOG/cmhog2/configure:3324: undefined reference to `foobar'
collect2: ld returned 1 exit status
configure:3332: $? = 1
configure: failed program was:
| #line 3312 "configure"
| /* confdefs.h.  */
| 
| #define PACKAGE_NAME ""
| #define PACKAGE_TARNAME ""
| #define PACKAGE_VERSION ""
| #define PACKAGE_STRING ""
| #define PACKAGE_BUGREPORT ""
| /* end confdefs.h.  */
| 
| int
| main ()
| {
| foobar();
|   ;
|   return 0;
| }
configure:3362: gcc -o conftest -g -O2   conftest.c mangle-func.o  -L/usr/lib/gcc-lib/i386-redhat-linux/3.2.3 -L/usr/lib/gcc-lib/i386-redhat-linux/3.2.3/../../.. -lfrtbegin -lg2c -lm -lgcc_s  >&5
configure:3365: $? = 0
configure:3368: test -s conftest
configure:3371: $? = 0
configure:3460: result: lowercase-underscore
configure:3495: checking if f77 functions with an underscore get an extra underscore
configure:3525: gcc -o conftest -g -O2   conftest.c mangle-func.o  -L/usr/lib/gcc-lib/i386-redhat-linux/3.2.3 -L/usr/lib/gcc-lib/i386-redhat-linux/3.2.3/../../.. -lfrtbegin -lg2c -lm -lgcc_s  >&5
configure:3528: $? = 0
configure:3531: test -s conftest
configure:3534: $? = 0
configure:3556: result: yes
configure:3701: checking for egrep
configure:3711: result: grep -E
configure:3716: checking for ANSI C header files
configure:3742: gcc -c -g -O2  conftest.c >&5
configure:3745: $? = 0
configure:3748: test -s conftest.o
configure:3751: $? = 0
/usr/include/sys/cdefs.h:31: #error "You need a ISO C conforming compiler to use the glibc headers"
/usr/include/sys/cdefs.h:31: #error "You need a ISO C conforming compiler to use the glibc headers"
configure:3840: gcc -o conftest -g -O2   conftest.c  >&5
configure:3843: $? = 0
configure:3845: ./conftest
configure:3848: $? = 0
configure:3863: result: yes
configure:3887: checking for sys/types.h
configure:3904: gcc -c -g -O2  conftest.c >&5
configure:3907: $? = 0
configure:3910: test -s conftest.o
configure:3913: $? = 0
configure:3924: result: yes
configure:3887: checking for sys/stat.h
configure:3904: gcc -c -g -O2  conftest.c >&5
configure:3907: $? = 0
configure:3910: test -s conftest.o
configure:3913: $? = 0
configure:3924: result: yes
configure:3887: checking for stdlib.h
configure:3904: gcc -c -g -O2  conftest.c >&5
configure:3907: $? = 0
configure:3910: test -s conftest.o
configure:3913: $? = 0
configure:3924: result: yes
configure:3887: checking for string.h
configure:3904: gcc -c -g -O2  conftest.c >&5
configure:3907: $? = 0
configure:3910: test -s conftest.o
configure:3913: $? = 0
configure:3924: result: yes
configure:3887: checking for memory.h
configure:3904: gcc -c -g -O2  conftest.c >&5
configure:3907: $? = 0
configure:3910: test -s conftest.o
configure:3913: $? = 0
configure:3924: result: yes
configure:3887: checking for strings.h
configure:3904: gcc -c -g -O2  conftest.c >&5
configure:3907: $? = 0
configure:3910: test -s conftest.o
configure:3913: $? = 0
configure:3924: result: yes
configure:3887: checking for inttypes.h
configure:3904: gcc -c -g -O2  conftest.c >&5
configure:3907: $? = 0
configure:3910: test -s conftest.o
configure:3913: $? = 0
configure:3924: result: yes
configure:3887: checking for stdint.h
configure:3904: gcc -c -g -O2  conftest.c >&5
configure:3907: $? = 0
configure:3910: test -s conftest.o
configure:3913: $? = 0
configure:3924: result: yes
configure:3887: checking for unistd.h
configure:3904: gcc -c -g -O2  conftest.c >&5
configure:3907: $? = 0
configure:3910: test -s conftest.o
configure:3913: $? = 0
configure:3924: result: yes
configure:3952: checking fcntl.h usability
configure:3965: gcc -c -g -O2  conftest.c >&5
configure:3968: $? = 0
configure:3971: test -s conftest.o
configure:3974: $? = 0
configure:3984: result: yes
configure:3988: checking fcntl.h presence
configure:3999: gcc -E -traditional  conftest.c
/usr/include/sys/cdefs.h:31: #error "You need a ISO C conforming compiler to use the glibc headers"
configure:4005: $? = 1
configure: failed program was:
| #line 3990 "configure"
| /* confdefs.h.  */
| 
| #define PACKAGE_NAME ""
| #define PACKAGE_TARNAME ""
| #define PACKAGE_VERSION ""
| #define PACKAGE_STRING ""
| #define PACKAGE_BUGREPORT ""
| #define FORTRANIZE_LOWERCASE_UNDERSCORE 1
| #define FORTRANIZE_EXTRA_UNDERSCORE 1
| #define STDC_HEADERS 1
| #define HAVE_SYS_TYPES_H 1
| #define HAVE_SYS_STAT_H 1
| #define HAVE_STDLIB_H 1
| #define HAVE_STRING_H 1
| #define HAVE_MEMORY_H 1
| #define HAVE_STRINGS_H 1
| #define HAVE_INTTYPES_H 1
| #define HAVE_STDINT_H 1
| #define HAVE_UNISTD_H 1
| /* end confdefs.h.  */
| #include <fcntl.h>
configure:4024: result: no
configure:4030: WARNING: fcntl.h: accepted by the compiler, rejected by the preprocessor!
configure:4032: WARNING: fcntl.h: proceeding with the preprocessor's result
configure:4060: checking for fcntl.h
configure:4067: result: no
configure:3952: checking sys/time.h usability
configure:3965: gcc -c -g -O2  conftest.c >&5
configure:3968: $? = 0
configure:3971: test -s conftest.o
configure:3974: $? = 0
configure:3984: result: yes
configure:3988: checking sys/time.h presence
configure:3999: gcc -E -traditional  conftest.c
/usr/include/sys/cdefs.h:31: #error "You need a ISO C conforming compiler to use the glibc headers"
configure:4005: $? = 1
configure: failed program was:
| #line 3990 "configure"
| /* confdefs.h.  */
| 
| #define PACKAGE_NAME ""
| #define PACKAGE_TARNAME ""
| #define PACKAGE_VERSION ""
| #define PACKAGE_STRING ""
| #define PACKAGE_BUGREPORT ""
| #define FORTRANIZE_LOWERCASE_UNDERSCORE 1
| #define FORTRANIZE_EXTRA_UNDERSCORE 1
| #define STDC_HEADERS 1
| #define HAVE_SYS_TYPES_H 1
| #define HAVE_SYS_STAT_H 1
| #define HAVE_STDLIB_H 1
| #define HAVE_STRING_H 1
| #define HAVE_MEMORY_H 1
| #define HAVE_STRINGS_H 1
| #define HAVE_INTTYPES_H 1
| #define HAVE_STDINT_H 1
| #define HAVE_UNISTD_H 1
| /* end confdefs.h.  */
| #include <sys/time.h>
configure:4024: result: no
configure:4030: WARNING: sys/time.h: accepted by the compiler, rejected by the preprocessor!
configure:4032: WARNING: sys/time.h: proceeding with the preprocessor's result
configure:4060: checking for sys/time.h
configure:4067: result: no
configure:3943: checking for unistd.h
configure:3948: result: yes
configure:4081: checking for inline
configure:4103: gcc -c -g -O2  conftest.c >&5
configure:4106: $? = 0
configure:4109: test -s conftest.o
configure:4112: $? = 0
configure:4124: result: inline
configure:4139: checking whether time.h and sys/time.h may both be included
configure:4165: gcc -c -g -O2  conftest.c >&5
configure:4168: $? = 0
configure:4171: test -s conftest.o
configure:4174: $? = 0
configure:4185: result: yes
configure:4201: checking for mkdir
configure:4251: gcc -o conftest -g -O2   conftest.c  >&5
configure:4254: $? = 0
configure:4257: test -s conftest
configure:4260: $? = 0
configure:4271: result: yes
configure:4201: checking for select
configure:4251: gcc -o conftest -g -O2   conftest.c  >&5
configure:4254: $? = 0
configure:4257: test -s conftest
configure:4260: $? = 0
configure:4271: result: yes
configure:4409: creating ./config.status

## ---------------------- ##
## Running config.status. ##
## ---------------------- ##

This file was extended by config.status, which was
generated by GNU Autoconf 2.57.  Invocation command line was

  CONFIG_FILES    = 
  CONFIG_HEADERS  = 
  CONFIG_LINKS    = 
  CONFIG_COMMANDS = 
  $ ./config.status 

on mirzam

config.status:619: creating Makefile
config.status:619: creating cmhog.def

## ---------------- ##
## Cache variables. ##
## ---------------- ##

ac_cv_build=i686-pc-linux-gnu
ac_cv_build_alias=i686-pc-linux-gnu
ac_cv_c_compiler_gnu=yes
ac_cv_c_inline=inline
ac_cv_env_CC_set=
ac_cv_env_CC_value=
ac_cv_env_CFLAGS_set=
ac_cv_env_CFLAGS_value=
ac_cv_env_CPPFLAGS_set=
ac_cv_env_CPPFLAGS_value=
ac_cv_env_CPP_set=
ac_cv_env_CPP_value=
ac_cv_env_F77_set=
ac_cv_env_F77_value=
ac_cv_env_FFLAGS_set=
ac_cv_env_FFLAGS_value=
ac_cv_env_LDFLAGS_set=
ac_cv_env_LDFLAGS_value=
ac_cv_env_build_alias_set=
ac_cv_env_build_alias_value=
ac_cv_env_host_alias_set=
ac_cv_env_host_alias_value=
ac_cv_env_target_alias_set=
ac_cv_env_target_alias_value=
ac_cv_exeext=
ac_cv_f77_compiler_gnu=yes
ac_cv_flibs=' -L/usr/lib/gcc-lib/i386-redhat-linux/3.2.3 -L/usr/lib/gcc-lib/i386-redhat-linux/3.2.3/../../.. -lfrtbegin -lg2c -lm -lgcc_s'
ac_cv_func_mkdir=yes
ac_cv_func_select=yes
ac_cv_header_fcntl_h=no
ac_cv_header_inttypes_h=yes
ac_cv_header_memory_h=yes
ac_cv_header_stdc=yes
ac_cv_header_stdint_h=yes
ac_cv_header_stdlib_h=yes
ac_cv_header_string_h=yes
ac_cv_header_strings_h=yes
ac_cv_header_sys_stat_h=yes
ac_cv_header_sys_time_h=no
ac_cv_header_sys_types_h=yes
ac_cv_header_time=yes
ac_cv_header_unistd_h=yes
ac_cv_host=i686-pc-linux-gnu
ac_cv_host_alias=i686-pc-linux-gnu
ac_cv_objext=o
ac_cv_prog_CPP='gcc -E'
ac_cv_prog_F77=g77
ac_cv_prog_ac_ct_CC=gcc
ac_cv_prog_ac_ct_F77=g77
ac_cv_prog_cc_g=yes
ac_cv_prog_cc_stdc=
ac_cv_prog_egrep='grep -E'
ac_cv_prog_f77_g=yes
ac_cv_prog_f77_v=-v
ac_cv_prog_make_make_set=yes

## ----------------- ##
## Output variables. ##
## ----------------- ##

CC='gcc'
CFITSIO_INC=''
CFITSIO_LIB=''
CFLAGS='-g -O2'
CMFLAGS=' -DLINUX'
CPP='gcc -E -traditional'
CPPFLAGS=''
DEFS='-DPACKAGE_NAME=\"\" -DPACKAGE_TARNAME=\"\" -DPACKAGE_VERSION=\"\" -DPACKAGE_STRING=\"\" -DPACKAGE_BUGREPORT=\"\" -DFORTRANIZE_LOWERCASE_UNDERSCORE=1 -DFORTRANIZE_EXTRA_UNDERSCORE=1 -DSTDC_HEADERS=1 -DHAVE_SYS_TYPES_H=1 -DHAVE_SYS_STAT_H=1 -DHAVE_STDLIB_H=1 -DHAVE_STRING_H=1 -DHAVE_MEMORY_H=1 -DHAVE_STRINGS_H=1 -DHAVE_INTTYPES_H=1 -DHAVE_STDINT_H=1 -DHAVE_UNISTD_H=1 -DHAVE_UNISTD_H=1 -DTIME_WITH_SYS_TIME=1 -DHAVE_MKDIR=1 -DHAVE_SELECT=1 '
ECHO_C=''
ECHO_N='-n'
ECHO_T=''
EGREP='grep -E'
EXEEXT=''
F77='g77'
FFLAGS='-g -O2'
FITSIO='NO_FITSIO'
FLIBS=' -L/usr/lib/gcc-lib/i386-redhat-linux/3.2.3 -L/usr/lib/gcc-lib/i386-redhat-linux/3.2.3/../../.. -lfrtbegin -lg2c -lm -lgcc_s'
LDFLAGS=''
LIBOBJS=''
LIBS=''
LTLIBOBJS=''
OBJEXT='o'
PACKAGE_BUGREPORT=''
PACKAGE_NAME=''
PACKAGE_STRING=''
PACKAGE_TARNAME=''
PACKAGE_VERSION=''
PATH_SEPARATOR=':'
PGMAX='1024'
SET_MAKE=''
SHELL='/bin/sh'
SYSTEM='LINUX'
ac_ct_CC='gcc'
ac_ct_F77='g77'
bindir='${exec_prefix}/bin'
build='i686-pc-linux-gnu'
build_alias=''
build_cpu='i686'
build_os='linux-gnu'
build_vendor='pc'
datadir='${prefix}/share'
exec_prefix='${prefix}'
host='i686-pc-linux-gnu'
host_alias=''
host_cpu='i686'
host_os='linux-gnu'
host_vendor='pc'
includedir='${prefix}/include'
infodir='${prefix}/info'
libdir='${exec_prefix}/lib'
libexecdir='${exec_prefix}/libexec'
localstatedir='${prefix}/var'
mandir='${prefix}/man'
oldincludedir='/usr/include'
prefix='/usr/local'
program_transform_name='s,x,x,'
sbindir='${exec_prefix}/sbin'
sharedstatedir='${prefix}/com'
sysconfdir='${prefix}/etc'
target_alias=''

## ----------- ##
## confdefs.h. ##
## ----------- ##

#define FORTRANIZE_EXTRA_UNDERSCORE 1
#define FORTRANIZE_LOWERCASE_UNDERSCORE 1
#define HAVE_INTTYPES_H 1
#define HAVE_MEMORY_H 1
#define HAVE_MKDIR 1
#define HAVE_SELECT 1
#define HAVE_STDINT_H 1
#define HAVE_STDLIB_H 1
#define HAVE_STRINGS_H 1
#define HAVE_STRING_H 1
#define HAVE_SYS_STAT_H 1
#define HAVE_SYS_TYPES_H 1
#define HAVE_UNISTD_H 1
#define HAVE_UNISTD_H 1
#define PACKAGE_BUGREPORT ""
#define PACKAGE_NAME ""
#define PACKAGE_STRING ""
#define PACKAGE_TARNAME ""
#define PACKAGE_VERSION ""
#define STDC_HEADERS 1
#define TIME_WITH_SYS_TIME 1

configure: exit 0
